<?xml version="1.0" encoding="UTF-8"?>
<robot generator="Robot 3.2.2 (Python 3.9.1 on win32)" generated="20211102 12:24:32.246" rpa="false">
<suite id="s1" name="RFWCaseStudy" source="C:\Users\Abinash\eclipse-workspace\RFWCaseStudy">
<suite id="s1-s1" name="Tests" source="C:\Users\Abinash\eclipse-workspace\RFWCaseStudy\tests">
<suite id="s1-s1-s1" name="Functional Test" source="C:\Users\Abinash\eclipse-workspace\RFWCaseStudy\tests\Functional Test">
<suite id="s1-s1-s1-s1" name="AddMultipleItem" source="C:\Users\Abinash\eclipse-workspace\RFWCaseStudy\tests\Functional Test\AddMultipleItem.robot">
<kw name="Go to login Page" library="MulticommonKey" type="setup">
<arguments>
<arg>${url}</arg>
<arg>${browser}</arg>
</arguments>
<kw name="Open Browser" library="SeleniumLibrary">
<doc>Opens a new browser instance to the optional ``url``.</doc>
<arguments>
<arg>${url}</arg>
<arg>${browser}</arg>
</arguments>
<msg timestamp="20211102 12:24:32.521" level="INFO">Opening browser 'chrome' to base url 'https://demoblaze.com/'.</msg>
<status status="PASS" starttime="20211102 12:24:32.521" endtime="20211102 12:24:36.772"></status>
</kw>
<kw name="Maximize Browser Window" library="SeleniumLibrary">
<doc>Maximizes current browser window.</doc>
<status status="PASS" starttime="20211102 12:24:36.773" endtime="20211102 12:24:36.891"></status>
</kw>
<kw name="Set Selenium Implicit Wait" library="SeleniumLibrary">
<doc>Sets the implicit wait value used by Selenium.</doc>
<arguments>
<arg>10s</arg>
</arguments>
<status status="PASS" starttime="20211102 12:24:36.891" endtime="20211102 12:24:36.893"></status>
</kw>
<kw name="Title Should Be" library="SeleniumLibrary">
<doc>Verifies that the current page title equals ``title``.</doc>
<arguments>
<arg>STORE</arg>
</arguments>
<msg timestamp="20211102 12:24:36.897" level="INFO">Page title is 'STORE'.</msg>
<status status="PASS" starttime="20211102 12:24:36.893" endtime="20211102 12:24:36.897"></status>
</kw>
<kw name="Click Element" library="SeleniumLibrary">
<doc>Click the element identified by ``locator``.</doc>
<arguments>
<arg>${LoginMenuButton}</arg>
</arguments>
<msg timestamp="20211102 12:24:36.898" level="INFO">Clicking element 'id:login2'.</msg>
<status status="PASS" starttime="20211102 12:24:36.897" endtime="20211102 12:24:36.955"></status>
</kw>
<kw name="Wait Until Element Is Visible" library="SeleniumLibrary">
<doc>Waits until the element ``locator`` is visible.</doc>
<arguments>
<arg>${LoginUsernameInputBox}</arg>
</arguments>
<status status="PASS" starttime="20211102 12:24:36.955" endtime="20211102 12:24:37.201"></status>
</kw>
<kw name="Input Text" library="SeleniumLibrary">
<doc>Types the given ``text`` into the text field identified by ``locator``.</doc>
<arguments>
<arg>${LoginUsernameInputBox}</arg>
<arg>${Username}</arg>
</arguments>
<msg timestamp="20211102 12:24:37.202" level="INFO">Typing text 'abinash' into text field 'id:loginusername'.</msg>
<status status="PASS" starttime="20211102 12:24:37.201" endtime="20211102 12:24:37.281"></status>
</kw>
<kw name="Input Text" library="SeleniumLibrary">
<doc>Types the given ``text`` into the text field identified by ``locator``.</doc>
<arguments>
<arg>${LoginPasswordInputBox}</arg>
<arg>${Password}</arg>
</arguments>
<msg timestamp="20211102 12:24:37.282" level="INFO">Typing text 'abinash' into text field 'id:loginpassword'.</msg>
<status status="PASS" starttime="20211102 12:24:37.281" endtime="20211102 12:24:37.364"></status>
</kw>
<kw name="Click Button" library="SeleniumLibrary">
<doc>Clicks the button identified by ``locator``.</doc>
<arguments>
<arg>${LoginButton}</arg>
</arguments>
<msg timestamp="20211102 12:24:37.364" level="INFO">Clicking button '//div/button[text()="Log in"]'.</msg>
<status status="PASS" starttime="20211102 12:24:37.364" endtime="20211102 12:24:37.438"></status>
</kw>
<kw name="Wait Until Element Is Visible" library="SeleniumLibrary">
<doc>Waits until the element ``locator`` is visible.</doc>
<arguments>
<arg>${NameOfUser}</arg>
</arguments>
<status status="PASS" starttime="20211102 12:24:37.439" endtime="20211102 12:24:39.352"></status>
</kw>
<kw name="Get Text" library="SeleniumLibrary">
<doc>Returns the text value of the element identified by ``locator``.</doc>
<arguments>
<arg>${NameOfUser}</arg>
</arguments>
<status status="PASS" starttime="20211102 12:24:39.353" endtime="20211102 12:24:39.370"></status>
</kw>
<status status="PASS" starttime="20211102 12:24:32.520" endtime="20211102 12:24:39.371"></status>
</kw>
<test id="s1-s1-s1-s1-t1" name="Add Item //*[@id=&quot;tbodyid&quot;]/div[1]/div/div/h4/a by clicking on //a[text() = &quot;Add to cart&quot;]">
<kw name="Add Multiple Items">
<arguments>
<arg>//*[@id="tbodyid"]/div[1]/div/div/h4/a</arg>
<arg>//a[text() = "Add to cart"]</arg>
</arguments>
<kw name="Click On" library="MulticommonKey">
<arguments>
<arg>${Item}</arg>
</arguments>
<kw name="Click Element" library="SeleniumLibrary">
<doc>Click the element identified by ``locator``.</doc>
<arguments>
<arg>${Item}</arg>
</arguments>
<msg timestamp="20211102 12:24:39.373" level="INFO">Clicking element '//*[@id="tbodyid"]/div[1]/div/div/h4/a'.</msg>
<status status="PASS" starttime="20211102 12:24:39.372" endtime="20211102 12:24:40.209"></status>
</kw>
<status status="PASS" starttime="20211102 12:24:39.372" endtime="20211102 12:24:40.210"></status>
</kw>
<kw name="Add Item to Cart" library="MulticommonKey">
<arguments>
<arg>${AddToCart}</arg>
</arguments>
<kw name="Click Element" library="SeleniumLibrary">
<doc>Click the element identified by ``locator``.</doc>
<arguments>
<arg>${AddToCart}</arg>
</arguments>
<msg timestamp="20211102 12:24:40.212" level="INFO">Clicking element '//a[text() = "Add to cart"]'.</msg>
<status status="PASS" starttime="20211102 12:24:40.211" endtime="20211102 12:24:41.039"></status>
</kw>
<kw name="Handle Alert" library="SeleniumLibrary">
<doc>Handles the current alert and returns its message.</doc>
<arguments>
<arg>ACCEPT</arg>
</arguments>
<msg timestamp="20211102 12:24:41.040" level="INFO">HANDLE::&lt;class 'NoneType'&gt;::None</msg>
<status status="PASS" starttime="20211102 12:24:41.039" endtime="20211102 12:24:42.051"></status>
</kw>
<kw name="Wait Until Element Is Visible" library="SeleniumLibrary">
<doc>Waits until the element ``locator`` is visible.</doc>
<arguments>
<arg>${ItemVisible}</arg>
</arguments>
<status status="PASS" starttime="20211102 12:24:42.052" endtime="20211102 12:24:42.075"></status>
</kw>
<status status="PASS" starttime="20211102 12:24:40.210" endtime="20211102 12:24:42.075"></status>
</kw>
<kw name="Set Selenium Timeout" library="SeleniumLibrary">
<doc>Sets the timeout that is used by various keywords.</doc>
<arguments>
<arg>5s</arg>
</arguments>
<status status="PASS" starttime="20211102 12:24:42.076" endtime="20211102 12:24:42.077"></status>
</kw>
<kw name="Goto Home" library="MulticommonKey">
<kw name="Click Element" library="SeleniumLibrary">
<doc>Click the element identified by ``locator``.</doc>
<arguments>
<arg>${Home}</arg>
</arguments>
<msg timestamp="20211102 12:24:42.078" level="INFO">Clicking element '//*[@id="navbarExample"]/ul/li[1]/a'.</msg>
<status status="PASS" starttime="20211102 12:24:42.078" endtime="20211102 12:24:42.534"></status>
</kw>
<kw name="Sleep" library="BuiltIn">
<doc>Pauses the test executed for the given time.</doc>
<arguments>
<arg>2s</arg>
</arguments>
<msg timestamp="20211102 12:24:44.540" level="INFO">Slept 2 seconds</msg>
<status status="PASS" starttime="20211102 12:24:42.534" endtime="20211102 12:24:44.540"></status>
</kw>
<kw name="Wait Until Page Contains Element" library="SeleniumLibrary">
<doc>Waits until the element ``locator`` appears on the current page.</doc>
<arguments>
<arg>${Category}</arg>
</arguments>
<status status="PASS" starttime="20211102 12:24:44.540" endtime="20211102 12:24:44.552"></status>
</kw>
<status status="PASS" starttime="20211102 12:24:42.077" endtime="20211102 12:24:44.553"></status>
</kw>
<kw name="Set Selenium Timeout" library="SeleniumLibrary">
<doc>Sets the timeout that is used by various keywords.</doc>
<arguments>
<arg>10s</arg>
</arguments>
<status status="PASS" starttime="20211102 12:24:44.553" endtime="20211102 12:24:44.554"></status>
</kw>
<status status="PASS" starttime="20211102 12:24:39.372" endtime="20211102 12:24:44.554"></status>
</kw>
<status status="PASS" starttime="20211102 12:24:39.371" endtime="20211102 12:24:44.555" critical="yes"></status>
</test>
<test id="s1-s1-s1-s1-t2" name="Add Item //a[text() = &quot;Nokia lumia 1520&quot;] by clicking on //*[@id=&quot;tbodyid&quot;]/div[2]/div/a">
<kw name="Add Multiple Items">
<arguments>
<arg>//a[text() = "Nokia lumia 1520"]</arg>
<arg>//*[@id="tbodyid"]/div[2]/div/a</arg>
</arguments>
<kw name="Click On" library="MulticommonKey">
<arguments>
<arg>${Item}</arg>
</arguments>
<kw name="Click Element" library="SeleniumLibrary">
<doc>Click the element identified by ``locator``.</doc>
<arguments>
<arg>${Item}</arg>
</arguments>
<msg timestamp="20211102 12:24:44.557" level="INFO">Clicking element '//a[text() = "Nokia lumia 1520"]'.</msg>
<status status="PASS" starttime="20211102 12:24:44.557" endtime="20211102 12:24:46.125"></status>
</kw>
<status status="PASS" starttime="20211102 12:24:44.556" endtime="20211102 12:24:46.126"></status>
</kw>
<kw name="Add Item to Cart" library="MulticommonKey">
<arguments>
<arg>${AddToCart}</arg>
</arguments>
<kw name="Click Element" library="SeleniumLibrary">
<doc>Click the element identified by ``locator``.</doc>
<arguments>
<arg>${AddToCart}</arg>
</arguments>
<msg timestamp="20211102 12:24:46.127" level="INFO">Clicking element '//*[@id="tbodyid"]/div[2]/div/a'.</msg>
<status status="PASS" starttime="20211102 12:24:46.126" endtime="20211102 12:24:47.316"></status>
</kw>
<kw name="Handle Alert" library="SeleniumLibrary">
<doc>Handles the current alert and returns its message.</doc>
<arguments>
<arg>ACCEPT</arg>
</arguments>
<msg timestamp="20211102 12:24:47.317" level="INFO">HANDLE::&lt;class 'NoneType'&gt;::None</msg>
<status status="PASS" starttime="20211102 12:24:47.316" endtime="20211102 12:24:48.353"></status>
</kw>
<kw name="Wait Until Element Is Visible" library="SeleniumLibrary">
<doc>Waits until the element ``locator`` is visible.</doc>
<arguments>
<arg>${ItemVisible}</arg>
</arguments>
<status status="PASS" starttime="20211102 12:24:48.353" endtime="20211102 12:24:48.369"></status>
</kw>
<status status="PASS" starttime="20211102 12:24:46.126" endtime="20211102 12:24:48.370"></status>
</kw>
<kw name="Set Selenium Timeout" library="SeleniumLibrary">
<doc>Sets the timeout that is used by various keywords.</doc>
<arguments>
<arg>5s</arg>
</arguments>
<status status="PASS" starttime="20211102 12:24:48.370" endtime="20211102 12:24:48.372"></status>
</kw>
<kw name="Goto Home" library="MulticommonKey">
<kw name="Click Element" library="SeleniumLibrary">
<doc>Click the element identified by ``locator``.</doc>
<arguments>
<arg>${Home}</arg>
</arguments>
<msg timestamp="20211102 12:24:48.373" level="INFO">Clicking element '//*[@id="navbarExample"]/ul/li[1]/a'.</msg>
<status status="PASS" starttime="20211102 12:24:48.373" endtime="20211102 12:24:48.849"></status>
</kw>
<kw name="Sleep" library="BuiltIn">
<doc>Pauses the test executed for the given time.</doc>
<arguments>
<arg>2s</arg>
</arguments>
<msg timestamp="20211102 12:24:50.856" level="INFO">Slept 2 seconds</msg>
<status status="PASS" starttime="20211102 12:24:48.849" endtime="20211102 12:24:50.856"></status>
</kw>
<kw name="Wait Until Page Contains Element" library="SeleniumLibrary">
<doc>Waits until the element ``locator`` appears on the current page.</doc>
<arguments>
<arg>${Category}</arg>
</arguments>
<status status="PASS" starttime="20211102 12:24:50.856" endtime="20211102 12:24:50.863"></status>
</kw>
<status status="PASS" starttime="20211102 12:24:48.372" endtime="20211102 12:24:50.864"></status>
</kw>
<kw name="Set Selenium Timeout" library="SeleniumLibrary">
<doc>Sets the timeout that is used by various keywords.</doc>
<arguments>
<arg>10s</arg>
</arguments>
<status status="PASS" starttime="20211102 12:24:50.864" endtime="20211102 12:24:50.865"></status>
</kw>
<status status="PASS" starttime="20211102 12:24:44.556" endtime="20211102 12:24:50.866"></status>
</kw>
<status status="PASS" starttime="20211102 12:24:44.555" endtime="20211102 12:24:50.866" critical="yes"></status>
</test>
<test id="s1-s1-s1-s1-t3" name="Add Item //a[text() = &quot;Nexus 6&quot;] by clicking on //*[@id=&quot;tbodyid&quot;]/div[2]/div/a">
<kw name="Add Multiple Items">
<arguments>
<arg>//a[text() = "Nexus 6"]</arg>
<arg>//*[@id="tbodyid"]/div[2]/div/a</arg>
</arguments>
<kw name="Click On" library="MulticommonKey">
<arguments>
<arg>${Item}</arg>
</arguments>
<kw name="Click Element" library="SeleniumLibrary">
<doc>Click the element identified by ``locator``.</doc>
<arguments>
<arg>${Item}</arg>
</arguments>
<msg timestamp="20211102 12:24:50.868" level="INFO">Clicking element '//a[text() = "Nexus 6"]'.</msg>
<status status="PASS" starttime="20211102 12:24:50.868" endtime="20211102 12:24:51.743"></status>
</kw>
<status status="PASS" starttime="20211102 12:24:50.867" endtime="20211102 12:24:51.743"></status>
</kw>
<kw name="Add Item to Cart" library="MulticommonKey">
<arguments>
<arg>${AddToCart}</arg>
</arguments>
<kw name="Click Element" library="SeleniumLibrary">
<doc>Click the element identified by ``locator``.</doc>
<arguments>
<arg>${AddToCart}</arg>
</arguments>
<msg timestamp="20211102 12:24:51.745" level="INFO">Clicking element '//*[@id="tbodyid"]/div[2]/div/a'.</msg>
<status status="PASS" starttime="20211102 12:24:51.744" endtime="20211102 12:24:52.182"></status>
</kw>
<kw name="Handle Alert" library="SeleniumLibrary">
<doc>Handles the current alert and returns its message.</doc>
<arguments>
<arg>ACCEPT</arg>
</arguments>
<msg timestamp="20211102 12:24:52.183" level="INFO">HANDLE::&lt;class 'NoneType'&gt;::None</msg>
<status status="PASS" starttime="20211102 12:24:52.183" endtime="20211102 12:24:52.693"></status>
</kw>
<kw name="Wait Until Element Is Visible" library="SeleniumLibrary">
<doc>Waits until the element ``locator`` is visible.</doc>
<arguments>
<arg>${ItemVisible}</arg>
</arguments>
<status status="PASS" starttime="20211102 12:24:52.695" endtime="20211102 12:24:52.712"></status>
</kw>
<status status="PASS" starttime="20211102 12:24:51.743" endtime="20211102 12:24:52.712"></status>
</kw>
<kw name="Set Selenium Timeout" library="SeleniumLibrary">
<doc>Sets the timeout that is used by various keywords.</doc>
<arguments>
<arg>5s</arg>
</arguments>
<status status="PASS" starttime="20211102 12:24:52.712" endtime="20211102 12:24:52.713"></status>
</kw>
<kw name="Goto Home" library="MulticommonKey">
<kw name="Click Element" library="SeleniumLibrary">
<doc>Click the element identified by ``locator``.</doc>
<arguments>
<arg>${Home}</arg>
</arguments>
<msg timestamp="20211102 12:24:52.714" level="INFO">Clicking element '//*[@id="navbarExample"]/ul/li[1]/a'.</msg>
<status status="PASS" starttime="20211102 12:24:52.713" endtime="20211102 12:24:53.889"></status>
</kw>
<kw name="Sleep" library="BuiltIn">
<doc>Pauses the test executed for the given time.</doc>
<arguments>
<arg>2s</arg>
</arguments>
<msg timestamp="20211102 12:24:55.902" level="INFO">Slept 2 seconds</msg>
<status status="PASS" starttime="20211102 12:24:53.889" endtime="20211102 12:24:55.902"></status>
</kw>
<kw name="Wait Until Page Contains Element" library="SeleniumLibrary">
<doc>Waits until the element ``locator`` appears on the current page.</doc>
<arguments>
<arg>${Category}</arg>
</arguments>
<status status="PASS" starttime="20211102 12:24:55.902" endtime="20211102 12:24:55.910"></status>
</kw>
<status status="PASS" starttime="20211102 12:24:52.713" endtime="20211102 12:24:55.910"></status>
</kw>
<kw name="Set Selenium Timeout" library="SeleniumLibrary">
<doc>Sets the timeout that is used by various keywords.</doc>
<arguments>
<arg>10s</arg>
</arguments>
<status status="PASS" starttime="20211102 12:24:55.911" endtime="20211102 12:24:55.912"></status>
</kw>
<status status="PASS" starttime="20211102 12:24:50.867" endtime="20211102 12:24:55.912"></status>
</kw>
<status status="PASS" starttime="20211102 12:24:50.866" endtime="20211102 12:24:55.912" critical="yes"></status>
</test>
<status status="PASS" starttime="20211102 12:24:32.306" endtime="20211102 12:24:55.913"></status>
</suite>
<status status="PASS" starttime="20211102 12:24:32.303" endtime="20211102 12:24:55.916"></status>
</suite>
<status status="PASS" starttime="20211102 12:24:32.301" endtime="20211102 12:24:55.918"></status>
</suite>
<status status="PASS" starttime="20211102 12:24:32.279" endtime="20211102 12:24:55.919"></status>
</suite>
<statistics>
<total>
<stat pass="3" fail="0">Critical Tests</stat>
<stat pass="3" fail="0">All Tests</stat>
</total>
<tag>
</tag>
<suite>
<stat pass="3" fail="0" id="s1" name="RFWCaseStudy">RFWCaseStudy</stat>
<stat pass="3" fail="0" id="s1-s1" name="Tests">RFWCaseStudy.Tests</stat>
<stat pass="3" fail="0" id="s1-s1-s1" name="Functional Test">RFWCaseStudy.Tests.Functional Test</stat>
<stat pass="3" fail="0" id="s1-s1-s1-s1" name="AddMultipleItem">RFWCaseStudy.Tests.Functional Test.AddMultipleItem</stat>
</suite>
</statistics>
<errors>
</errors>
</robot>
